C51 COMPILER V9.60.0.0   MAIN2                                                             05/19/2020 20:47:08 PAGE 1   


C51 COMPILER V9.60.0.0, COMPILATION OF MODULE MAIN2
OBJECT MODULE PLACED IN main2.OBJ
COMPILER INVOKED BY: C:\Keil_v5\C51\BIN\C51.EXE main2.c OPTIMIZE(8,SPEED) BROWSE DEBUG OBJECTEXTEND TABS(2)

line level    source

   1          #include <c8051f020.h>
   2          #include "std_macros.h"
   3          #include "DIO.h"
   4          
   5          //#define Adc_Data    P0  //ADC
   6          
   7          
   8           
   9          int ADC_value;
  10          
  11          
  12          void delay(unsigned int count) 
  13          {
  14   1          int i,j;
  15   1          for(i=0;i<count;i++)
  16   1          for(j=0;j<100;j++);
  17   1      }
  18          
  19          
  20          
  21          
  22          
  23          void main()
  24          {
  25   1          WDTCN = 0xDE;
  26   1          WDTCN = 0xAD;
  27   1          DIO_setPortInput(0);
  28   1      
  29   1          DIO_setPort_OutPutMode(1,1);
  30   1      
  31   1      
  32   1          while(1)
  33   1          {
  34   2            ADC_value = DIO_read_port(0);
  35   2             DIO_write_port(1,ADC_value);
  36   2            
  37   2          }
  38   1          
  39   1      }
  40           


MODULE INFORMATION:   STATIC OVERLAYABLE
   CODE SIZE        =     69    ----
   CONSTANT SIZE    =   ----    ----
   XDATA SIZE       =   ----    ----
   PDATA SIZE       =   ----    ----
   DATA SIZE        =      2    ----
   IDATA SIZE       =   ----    ----
   BIT SIZE         =   ----    ----
END OF MODULE INFORMATION.


C51 COMPILATION COMPLETE.  0 WARNING(S),  0 ERROR(S)
